[    0.000000] Linux version 4.15.0-72-generic (buildd@lcy01-amd64-026) (gcc version 7.4.0 (Ubuntu 7.4.0-1ubuntu1~18.04.1)) #81-Ubuntu SMP Tue Nov 26 12:20:02 UTC 2019 (Ubuntu 4.15.0-72.81-generic 4.15.18)
[    0.000000] Command line: BOOT_IMAGE=/boot/vmlinuz-4.15.0-72-generic root=UUID=ec65c921-96eb-4429-80be-a2d5fcaf8bc5 ro console=tty1 console=ttyS0
[    0.000000] KERNEL supported cpus:
[    0.000000]   Intel GenuineIntel
[    0.000000]   AMD AuthenticAMD
[    0.000000]   Centaur CentaurHauls
[    0.000000] x86/fpu: Supporting XSAVE feature 0x001: 'x87 floating point registers'
[    0.000000] x86/fpu: Supporting XSAVE feature 0x002: 'SSE registers'
[    0.000000] x86/fpu: Supporting XSAVE feature 0x004: 'AVX registers'
[    0.000000] x86/fpu: xstate_offset[2]:  576, xstate_sizes[2]:  256
[    0.000000] x86/fpu: Enabled xstate features 0x7, context size is 832 bytes, using 'standard' format.
[    0.000000] e820: BIOS-provided physical RAM map:
[    0.000000] BIOS-e820: [mem 0x0000000000000000-0x000000000009fbff] usable
[    0.000000] BIOS-e820: [mem 0x000000000009fc00-0x000000000009ffff] reserved
[    0.000000] BIOS-e820: [mem 0x00000000000f0000-0x00000000000fffff] reserved
[    0.000000] BIOS-e820: [mem 0x0000000000100000-0x00000000dffeffff] usable
[    0.000000] BIOS-e820: [mem 0x00000000dfff0000-0x00000000dfffffff] ACPI data
[    0.000000] BIOS-e820: [mem 0x00000000fec00000-0x00000000fec00fff] reserved
[    0.000000] BIOS-e820: [mem 0x00000000fee00000-0x00000000fee00fff] reserved
[    0.000000] BIOS-e820: [mem 0x00000000fffc0000-0x00000000ffffffff] reserved
[    0.000000] BIOS-e820: [mem 0x0000000100000000-0x000000019fffffff] usable
[    0.000000] NX (Execute Disable) protection: active
[    0.000000] SMBIOS 2.5 present.
[    0.000000] DMI: innotek GmbH VirtualBox/VirtualBox, BIOS VirtualBox 12/01/2006
[    0.000000] Hypervisor detected: KVM
[    0.000000] e820: last_pfn = 0x1a0000 max_arch_pfn = 0x400000000
[    0.000000] MTRR: Disabled
[    0.000000] x86/PAT: MTRRs disabled, skipping PAT initialization too.
[    0.000000] CPU MTRRs all blank - virtualized system.
[    0.000000] x86/PAT: Configuration [0-7]: WB  WT  UC- UC  WB  WT  UC- UC  
[    0.000000] e820: last_pfn = 0xdfff0 max_arch_pfn = 0x400000000
[    0.000000] found SMP MP-table at [mem 0x0009fff0-0x0009ffff]
[    0.000000] Scanning 1 areas for low memory corruption
[    0.000000] RAMDISK: [mem 0x35967000-0x36caafff]
[    0.000000] ACPI: Early table checksum verification disabled
[    0.000000] ACPI: RSDP 0x00000000000E0000 000024 (v02 VBOX  )
[    0.000000] ACPI: XSDT 0x00000000DFFF0030 00003C (v01 VBOX   VBOXXSDT 00000001 ASL  00000061)
[    0.000000] ACPI: FACP 0x00000000DFFF00F0 0000F4 (v04 VBOX   VBOXFACP 00000001 ASL  00000061)
[    0.000000] ACPI: DSDT 0x00000000DFFF0480 0022EA (v02 VBOX   VBOXBIOS 00000002 INTL 20100528)
[    0.000000] ACPI: FACS 0x00000000DFFF0200 000040
[    0.000000] ACPI: FACS 0x00000000DFFF0200 000040
[    0.000000] ACPI: APIC 0x00000000DFFF0240 00006C (v02 VBOX   VBOXAPIC 00000001 ASL  00000061)
[    0.000000] ACPI: SSDT 0x00000000DFFF02B0 0001CC (v01 VBOX   VBOXCPUT 00000002 INTL 20100528)
[    0.000000] No NUMA configuration found
[    0.000000] Faking a node at [mem 0x0000000000000000-0x000000019fffffff]
[    0.000000] NODE_DATA(0) allocated [mem 0x19ffd1000-0x19fffbfff]
[    0.000000] kvm-clock: cpu 0, msr 1:9ff50001, primary cpu clock
[    0.000000] kvm-clock: Using msrs 4b564d01 and 4b564d00
[    0.000000] kvm-clock: using sched offset of 5106819630 cycles
[    0.000000] clocksource: kvm-clock: mask: 0xffffffffffffffff max_cycles: 0x1cd42e4dffb, max_idle_ns: 881590591483 ns
[    0.000000] Zone ranges:
[    0.000000]   DMA      [mem 0x0000000000001000-0x0000000000ffffff]
[    0.000000]   DMA32    [mem 0x0000000001000000-0x00000000ffffffff]
[    0.000000]   Normal   [mem 0x0000000100000000-0x000000019fffffff]
[    0.000000]   Device   empty
[    0.000000] Movable zone start for each node
[    0.000000] Early memory node ranges
[    0.000000]   node   0: [mem 0x0000000000001000-0x000000000009efff]
[    0.000000]   node   0: [mem 0x0000000000100000-0x00000000dffeffff]
[    0.000000]   node   0: [mem 0x0000000100000000-0x000000019fffffff]
[    0.000000] Reserved but unavailable: 98 pages
[    0.000000] Initmem setup node 0 [mem 0x0000000000001000-0x000000019fffffff]
[    0.000000] ACPI: PM-Timer IO Port: 0x4008
[    0.000000] IOAPIC[0]: apic_id 4, version 32, address 0xfec00000, GSI 0-23
[    0.000000] ACPI: INT_SRC_OVR (bus 0 bus_irq 0 global_irq 2 dfl dfl)
[    0.000000] ACPI: INT_SRC_OVR (bus 0 bus_irq 9 global_irq 9 low level)
[    0.000000] Using ACPI (MADT) for SMP configuration information
[    0.000000] smpboot: Allowing 4 CPUs, 0 hotplug CPUs
[    0.000000] PM: Registered nosave memory: [mem 0x00000000-0x00000fff]
[    0.000000] PM: Registered nosave memory: [mem 0x0009f000-0x0009ffff]
[    0.000000] PM: Registered nosave memory: [mem 0x000a0000-0x000effff]
[    0.000000] PM: Registered nosave memory: [mem 0x000f0000-0x000fffff]
[    0.000000] PM: Registered nosave memory: [mem 0xdfff0000-0xdfffffff]
[    0.000000] PM: Registered nosave memory: [mem 0xe0000000-0xfebfffff]
[    0.000000] PM: Registered nosave memory: [mem 0xfec00000-0xfec00fff]
[    0.000000] PM: Registered nosave memory: [mem 0xfec01000-0xfedfffff]
[    0.000000] PM: Registered nosave memory: [mem 0xfee00000-0xfee00fff]
[    0.000000] PM: Registered nosave memory: [mem 0xfee01000-0xfffbffff]
[    0.000000] PM: Registered nosave memory: [mem 0xfffc0000-0xffffffff]
[    0.000000] e820: [mem 0xe0000000-0xfebfffff] available for PCI devices
[    0.000000] Booting paravirtualized kernel on KVM
[    0.000000] clocksource: refined-jiffies: mask: 0xffffffff max_cycles: 0xffffffff, max_idle_ns: 7645519600211568 ns
[    0.000000] random: get_random_bytes called from start_kernel+0x99/0x4fd with crng_init=0
[    0.000000] setup_percpu: NR_CPUS:8192 nr_cpumask_bits:4 nr_cpu_ids:4 nr_node_ids:1
[    0.000000] percpu: Embedded 45 pages/cpu s147456 r8192 d28672 u524288
[    0.000000] PV qspinlock hash table entries: 256 (order: 0, 4096 bytes)
[    0.000000] Built 1 zonelists, mobility grouping on.  Total pages: 1548153
[    0.000000] Policy zone: Normal
[    0.000000] Kernel command line: BOOT_IMAGE=/boot/vmlinuz-4.15.0-72-generic root=UUID=ec65c921-96eb-4429-80be-a2d5fcaf8bc5 ro console=tty1 console=ttyS0
[    0.000000] Memory: 6077500K/6291000K available (12300K kernel code, 2481K rwdata, 4264K rodata, 2428K init, 2388K bss, 213500K reserved, 0K cma-reserved)
[    0.000000] SLUB: HWalign=64, Order=0-3, MinObjects=0, CPUs=4, Nodes=1
[    0.000000] Kernel/User page tables isolation: enabled
[    0.000000] ftrace: allocating 39318 entries in 154 pages
[    0.004000] Hierarchical RCU implementation.
[    0.004000] 	RCU restricting CPUs from NR_CPUS=8192 to nr_cpu_ids=4.
[    0.004000] 	Tasks RCU enabled.
[    0.004000] RCU: Adjusting geometry for rcu_fanout_leaf=16, nr_cpu_ids=4
[    0.004000] NR_IRQS: 524544, nr_irqs: 456, preallocated irqs: 16
[    0.004000] Console: colour VGA+ 80x25
[    0.004000] console [tty1] enabled
[    0.004000] console [ttyS0] enabled
[    0.004000] ACPI: Core revision 20170831
[    0.004000] ACPI: 2 ACPI AML tables successfully acquired and loaded
[    0.004000] APIC: Switch to symmetric I/O mode setup
[    0.004000] x2apic enabled
[    0.004000] Switched APIC routing to physical x2apic.
[    0.006035] ..TIMER: vector=0x30 apic1=0 pin1=2 apic2=-1 pin2=-1
[    0.008002] tsc: Detected 1800.003 MHz processor
[    0.012011] Calibrating delay loop (skipped) preset value.. 3600.00 BogoMIPS (lpj=7200012)
[    0.013952] pid_max: default: 32768 minimum: 301
[    0.015048] Security Framework initialized
[    0.016003] Yama: becoming mindful.
[    0.016974] AppArmor: AppArmor initialized
[    0.040475] Dentry cache hash table entries: 1048576 (order: 11, 8388608 bytes)
[    0.056348] Inode-cache hash table entries: 524288 (order: 10, 4194304 bytes)
[    0.060061] Mount-cache hash table entries: 16384 (order: 5, 131072 bytes)
[    0.064031] Mountpoint-cache hash table entries: 16384 (order: 5, 131072 bytes)
[    0.068550] Last level iTLB entries: 4KB 64, 2MB 8, 4MB 8
[    0.070979] Last level dTLB entries: 4KB 64, 2MB 0, 4MB 0, 1GB 4
[    0.072006] Spectre V1 : Mitigation: usercopy/swapgs barriers and __user pointer sanitization
[    0.076005] Spectre V2 : Mitigation: Full generic retpoline
[    0.078540] Spectre V2 : Spectre v2 / SpectreRSB mitigation: Filling RSB on context switch
[    0.080005] Speculative Store Bypass: Vulnerable
[    0.082225] MDS: Vulnerable: Clear CPU buffers attempted, no microcode
[    0.084484] Freeing SMP alternatives memory: 36K
[    0.200711] smpboot: CPU0: Intel(R) Core(TM) i5-8250U CPU @ 1.60GHz (family: 0x6, model: 0x8e, stepping: 0xa)
[    0.204152] Performance Events: unsupported p6 CPU model 142 no PMU driver, software events only.
[    0.208000] Hierarchical SRCU implementation.
[    0.217203] NMI watchdog: Perf event create on CPU 0 failed with -2
[    0.220027] NMI watchdog: Perf NMI watchdog permanently disabled
[    0.222609] smp: Bringing up secondary CPUs ...
[    0.224194] x86: Booting SMP configuration:
[    0.228006] .... node  #0, CPUs:      #1
[    0.004000] kvm-clock: cpu 1, msr 1:9ff50041, secondary cpu clock
[    0.232197]  #2
[    0.004000] kvm-clock: cpu 2, msr 1:9ff50081, secondary cpu clock
[    0.238996]  #3
[    0.004000] kvm-clock: cpu 3, msr 1:9ff500c1, secondary cpu clock
[    0.244042] smp: Brought up 1 node, 4 CPUs
[    0.246015] smpboot: Max logical packages: 1
[    0.248010] smpboot: Total of 4 processors activated (14400.02 BogoMIPS)
[    0.252008] devtmpfs: initialized
[    0.253789] x86/mm: Memory block size: 128MB
[    0.256692] evm: security.selinux
[    0.258564] evm: security.SMACK64
[    0.260007] evm: security.SMACK64EXEC
[    0.261877] evm: security.SMACK64TRANSMUTE
[    0.264007] evm: security.SMACK64MMAP
[    0.265798] evm: security.apparmor
[    0.267369] evm: security.ima
[    0.268003] evm: security.capability
[    0.269770] clocksource: jiffies: mask: 0xffffffff max_cycles: 0xffffffff, max_idle_ns: 7645041785100000 ns
[    0.272029] futex hash table entries: 1024 (order: 4, 65536 bytes)
[    0.276012] pinctrl core: initialized pinctrl subsystem
[    0.278683] RTC time: 22:52:07, date: 01/07/20
[    0.280432] NET: Registered protocol family 16
[    0.282728] audit: initializing netlink subsys (disabled)
[    0.284060] audit: type=2000 audit(1578437534.589:1): state=initialized audit_enabled=0 res=1
[    0.288013] cpuidle: using governor ladder
[    0.290058] cpuidle: using governor menu
[    0.292057] ACPI: bus type PCI registered
[    0.293445] acpiphp: ACPI Hot Plug PCI Controller Driver version: 0.5
[    0.296250] PCI: Using configuration type 1 for base access
[    0.308092] HugeTLB registered 2.00 MiB page size, pre-allocated 0 pages
[    0.312196] ACPI: Added _OSI(Module Device)
[    0.313949] ACPI: Added _OSI(Processor Device)
[    0.316016] ACPI: Added _OSI(3.0 _SCP Extensions)
[    0.318143] ACPI: Added _OSI(Processor Aggregator Device)
[    0.320000] ACPI: Added _OSI(Linux-Dell-Video)
[    0.320006] ACPI: Added _OSI(Linux-Lenovo-NV-HDMI-Audio)
[    0.324006] ACPI: Added _OSI(Linux-HPI-Hybrid-Graphics)
[    0.328647] ACPI: Executed 1 blocks of module-level executable AML code
[    0.341615] ACPI: Interpreter enabled
[    0.343477] ACPI: (supports S0 S5)
[    0.344006] ACPI: Using IOAPIC for interrupt routing
[    0.346962] PCI: Using host bridge windows from ACPI; if necessary, use "pci=nocrs" and report a bug
[    0.352363] ACPI: Enabled 2 GPEs in block 00 to 07
[    0.371054] ACPI: PCI Root Bridge [PCI0] (domain 0000 [bus 00-ff])
[    0.372015] acpi PNP0A03:00: _OSC: OS supports [ASPM ClockPM Segments MSI]
[    0.377348] acpi PNP0A03:00: _OSC: not requesting OS control; OS requires [ExtendedConfig ASPM ClockPM MSI]
[    0.380025] acpi PNP0A03:00: fail to add MMCONFIG information, can't access extended PCI configuration space under this bridge.
[    0.384883] PCI host bridge to bus 0000:00
[    0.388008] pci_bus 0000:00: root bus resource [io  0x0000-0x0cf7 window]
[    0.392007] pci_bus 0000:00: root bus resource [io  0x0d00-0xffff window]
[    0.395129] pci_bus 0000:00: root bus resource [mem 0x000a0000-0x000bffff window]
[    0.396008] pci_bus 0000:00: root bus resource [mem 0xe0000000-0xfdffffff window]
[    0.400007] pci_bus 0000:00: root bus resource [bus 00-ff]
[    0.411018] pci 0000:00:01.1: legacy IDE quirk: reg 0x10: [io  0x01f0-0x01f7]
[    0.412006] pci 0000:00:01.1: legacy IDE quirk: reg 0x14: [io  0x03f6]
[    0.416006] pci 0000:00:01.1: legacy IDE quirk: reg 0x18: [io  0x0170-0x0177]
[    0.419128] pci 0000:00:01.1: legacy IDE quirk: reg 0x1c: [io  0x0376]
[    0.512881] pci 0000:00:07.0: quirk: [io  0x4000-0x403f] claimed by PIIX4 ACPI
[    0.516041] pci 0000:00:07.0: quirk: [io  0x4100-0x410f] claimed by PIIX4 SMB
[    0.554987] ACPI: PCI Interrupt Link [LNKA] (IRQs 5 9 10 *11)
[    0.556980] ACPI: PCI Interrupt Link [LNKB] (IRQs 5 9 *10 11)
[    0.560359] ACPI: PCI Interrupt Link [LNKC] (IRQs 5 *9 10 11)
[    0.564386] ACPI: PCI Interrupt Link [LNKD] (IRQs 5 9 10 *11)
[    0.569109] SCSI subsystem initialized
[    0.572095] pci 0000:00:02.0: vgaarb: setting as boot VGA device
[    0.575239] pci 0000:00:02.0: vgaarb: VGA device added: decodes=io+mem,owns=io+mem,locks=none
[    0.576013] pci 0000:00:02.0: vgaarb: bridge control possible
[    0.580006] vgaarb: loaded
[    0.584113] ACPI: bus type USB registered
[    0.588060] usbcore: registered new interface driver usbfs
[    0.591313] usbcore: registered new interface driver hub
[    0.592071] usbcore: registered new device driver usb
[    0.596128] EDAC MC: Ver: 3.0.0
[    0.600181] PCI: Using ACPI for IRQ routing
[    0.602714] NetLabel: Initializing
[    0.604006] NetLabel:  domain hash size = 128
[    0.606008] NetLabel:  protocols = UNLABELED CIPSOv4 CALIPSO
[    0.608083] NetLabel:  unlabeled traffic allowed by default
[    0.612275] clocksource: Switched to clocksource kvm-clock
[    0.652683] VFS: Disk quotas dquot_6.6.0
[    0.654719] VFS: Dquot-cache hash table entries: 512 (order 0, 4096 bytes)
[    0.658026] AppArmor: AppArmor Filesystem Enabled
[    0.660266] pnp: PnP ACPI init
[    0.664561] pnp: PnP ACPI: found 3 devices
[    0.691043] clocksource: acpi_pm: mask: 0xffffff max_cycles: 0xffffff, max_idle_ns: 2085701024 ns
[    0.695336] NET: Registered protocol family 2
[    0.697813] TCP established hash table entries: 65536 (order: 7, 524288 bytes)
[    0.707486] TCP bind hash table entries: 65536 (order: 8, 1048576 bytes)
[    0.710683] TCP: Hash tables configured (established 65536 bind 65536)
[    0.713676] UDP hash table entries: 4096 (order: 5, 131072 bytes)
[    0.716489] UDP-Lite hash table entries: 4096 (order: 5, 131072 bytes)
[    0.719381] NET: Registered protocol family 1
[    0.721499] pci 0000:00:00.0: Limiting direct PCI/PCI transfers
[    0.724173] pci 0000:00:01.0: Activating ISA DMA hang workarounds
[    0.726875] pci 0000:00:02.0: Video device with shadowed ROM at [mem 0x000c0000-0x000dffff]
[    0.730892] Unpacking initramfs...
[    1.363832] Freeing initrd memory: 19728K
[    1.365971] PCI-DMA: Using software bounce buffering for IO (SWIOTLB)
[    1.368731] software IO TLB: mapped [mem 0xdbff0000-0xdfff0000] (64MB)
[    1.371828] clocksource: tsc: mask: 0xffffffffffffffff max_cycles: 0x19f22c73312, max_idle_ns: 440795259572 ns
[    1.376468] platform rtc_cmos: registered platform RTC device (no PNP device found)
[    1.380075] Scanning for low memory corruption every 60 seconds
[    1.384459] Initialise system trusted keyrings
[    1.386743] Key type blacklist registered
[    1.389115] workingset: timestamp_bits=36 max_order=21 bucket_order=0
[    1.394287] zbud: loaded
[    1.403204] squashfs: version 4.0 (2009/01/31) Phillip Lougher
[    1.406699] fuse init (API version 7.26)
[    1.428390] Key type asymmetric registered
[    1.430409] Asymmetric key parser 'x509' registered
[    1.432690] Block layer SCSI generic (bsg) driver version 0.4 loaded (major 246)
[    1.436571] io scheduler noop registered
[    1.439332] io scheduler deadline registered
[    1.441828] io scheduler cfq registered (default)
[    1.445857] ACPI: AC Adapter [AC] (off-line)
[    1.448592] input: Power Button as /devices/LNXSYSTM:00/LNXPWRBN:00/input/input0
[    1.452940] ACPI: Power Button [PWRF]
[    1.455249] input: Sleep Button as /devices/LNXSYSTM:00/LNXSLPBN:00/input/input1
[    1.459402] ACPI: Sleep Button [SLPF]
[    1.465137] Serial: 8250/16550 driver, 32 ports, IRQ sharing enabled
[    1.466916] ACPI: Battery Slot [BAT0] (battery present)
[    1.491475] 00:02: ttyS0 at I/O 0x3f8 (irq = 4, base_baud = 115200) is a 16550A
[    1.505768] Linux agpgart interface v0.103
[    1.520358] loop: module loaded
[    1.523376] scsi host0: ata_piix
[    1.525331] scsi host1: ata_piix
[    1.526970] ata1: PATA max UDMA/33 cmd 0x1f0 ctl 0x3f6 bmdma 0xd000 irq 14
[    1.530066] ata2: PATA max UDMA/33 cmd 0x170 ctl 0x376 bmdma 0xd008 irq 15
[    1.533359] libphy: Fixed MDIO Bus: probed
[    1.535389] tun: Universal TUN/TAP device driver, 1.6
[    1.537934] PPP generic driver version 2.4.2
[    1.540304] ehci_hcd: USB 2.0 'Enhanced' Host Controller (EHCI) Driver
[    1.543027] ehci-pci: EHCI PCI platform driver
[    1.545215] ehci-platform: EHCI generic platform driver
[    1.547570] ohci_hcd: USB 1.1 'Open' Host Controller (OHCI) Driver
[    1.550435] ohci-pci: OHCI PCI platform driver
[    1.553304] ohci-platform: OHCI generic platform driver
[    1.555542] uhci_hcd: USB Universal Host Controller Interface driver
[    1.557873] i8042: PNP: PS/2 Controller [PNP0303:PS2K,PNP0f03:PS2M] at 0x60,0x64 irq 1,12
[    1.560959] serio: i8042 KBD port at 0x60,0x64 irq 1
[    1.562252] serio: i8042 AUX port at 0x60,0x64 irq 12
[    1.564266] mousedev: PS/2 mouse device common for all mice
[    1.567756] rtc_cmos rtc_cmos: rtc core: registered rtc_cmos as rtc0
[    1.570975] input: AT Translated Set 2 keyboard as /devices/platform/i8042/serio0/input/input2
[    1.572124] rtc_cmos rtc_cmos: alarms up to one day, 114 bytes nvram
[    1.577272] i2c /dev entries driver
[    1.578426] device-mapper: uevent: version 1.0.3
[    1.579937] device-mapper: ioctl: 4.37.0-ioctl (2017-09-20) initialised: dm-devel@redhat.com
[    1.582640] ledtrig-cpu: registered to indicate activity on CPUs
[    1.585543] NET: Registered protocol family 10
[    1.595615] Segment Routing with IPv6
[    1.596633] NET: Registered protocol family 17
[    1.598071] Key type dns_resolver registered
[    1.599717] mce: Using 0 MCE banks
[    1.600521] RAS: Correctable Errors collector initialized.
[    1.601714] sched_clock: Marking stable (1600495717, 0)->(2432225757, -831730040)
[    1.604551] registered taskstats version 1
[    1.605515] Loading compiled-in X.509 certificates
[    1.612034] Loaded X.509 cert 'Build time autogenerated kernel key: f4f7241365689b0cbe3898188e65e316fd8f978d'
[    1.616877] zswap: loaded using pool lzo/zbud
[    1.631183] Key type big_key registered
[    1.633595] Key type trusted registered
[    1.648517] Key type encrypted registered
[    1.650837] AppArmor: AppArmor sha1 policy hashing enabled
[    1.654073] ima: No TPM chip found, activating TPM-bypass! (rc=-19)
[    1.657304] ima: Allocated hash algorithm: sha1
[    1.659859] evm: HMAC attrs: 0x1
[    1.662393]   Magic number: 4:169:906
[    1.664913] rtc_cmos rtc_cmos: setting system clock to 2020-01-07 22:52:08 UTC (1578437528)
[    1.670048] BIOS EDD facility v0.16 2004-Jun-25, 0 devices found
[    1.673371] EDD information not available.
[    1.702549] Freeing unused kernel image memory: 2428K
[    1.731607] Write protecting the kernel read-only data: 20480k
[    1.737908] Freeing unused kernel image memory: 2008K
[    1.742492] Freeing unused kernel image memory: 1880K
[    1.770400] x86/mm: Checked W+X mappings: passed, no W+X pages found.
[    1.773465] x86/mm: Checking user space page tables
[    1.794715] x86/mm: Checked W+X mappings: passed, no W+X pages found.
Loading, please wait...
starting version 237
[    1.919910] Fusion MPT base driver 3.04.20
[    1.921619] Copyright (c) 1999-2008 LSI Corporation
[    1.930192] e1000: Intel(R) PRO/1000 Network Driver - version 7.3.21-k8-NAPI
[    1.933290] e1000: Copyright (c) 1999-2006 Intel Corporation.
[    1.943932] Fusion MPT SPI Host driver 3.04.20
[    1.957694] AVX2 version of gcm_enc/dec engaged.
[    1.959588] AES CTR mode by8 optimization enabled
[    2.148077] input: ImExPS/2 Generic Explorer Mouse as /devices/platform/i8042/serio1/input/input4
[    2.467037] e1000 0000:00:03.0 eth0: (PCI:33MHz:32-bit) 02:82:7a:7b:51:94
[    2.471069] e1000 0000:00:03.0 eth0: Intel(R) PRO/1000 Network Connection
[    2.478469] e1000 0000:00:03.0 enp0s3: renamed from eth0
[    2.478982] mptbase: ioc0: Initiating bringup
[    2.589726] ioc0: LSI53C1030 A0: Capabilities={Initiator}
[    2.846719] scsi host2: ioc0: LSI53C1030 A0, FwRev=00000000h, Ports=1, MaxQ=256, IRQ=20
[    3.022345] scsi 2:0:0:0: Direct-Access     VBOX     HARDDISK         1.0  PQ: 0 ANSI: 5
[    3.064691] scsi target2:0:0: Beginning Domain Validation
[    3.072641] scsi target2:0:0: Domain Validation skipping write tests
[    3.075471] scsi target2:0:0: Ending Domain Validation
[    3.078087] scsi target2:0:0: asynchronous
[    3.081908] scsi 2:0:1:0: Direct-Access     VBOX     HARDDISK         1.0  PQ: 0 ANSI: 5
[    3.819634] scsi target2:0:1: Beginning Domain Validation
[    3.825248] random: fast init done
[    3.839472] scsi target2:0:1: Domain Validation skipping write tests
[    3.844861] scsi target2:0:1: Ending Domain Validation
[    3.849532] scsi target2:0:1: asynchronous
[    3.876143] random: systemd-udevd: uninitialized urandom read (16 bytes read)
[    3.886888] random: systemd-udevd: uninitialized urandom read (16 bytes read)
[    3.892729] sd 2:0:0:0: Attached scsi generic sg0 type 0
[    3.897573] random: systemd-udevd: uninitialized urandom read (16 bytes read)
[    3.904365] sd 2:0:0:0: [sda] 31457280 512-byte logical blocks: (16.1 GB/15.0 GiB)
[    3.906182] sd 2:0:1:0: [sdb] 20480 512-byte logical blocks: (10.5 MB/10.0 MiB)
[    3.911136] sd 2:0:1:0: Attached scsi generic sg1 type 0
[    3.917769] sd 2:0:1:0: [sdb] Write Protect is off
[    3.921426] sd 2:0:0:0: [sda] Write Protect is off
[    3.925787] sd 2:0:1:0: [sdb] Incomplete mode parameter data
[    3.930444] sd 2:0:1:0: [sdb] Assuming drive cache: write through
[    3.934073] sd 2:0:0:0: [sda] Incomplete mode parameter data
[    3.936999] sd 2:0:0:0: [sda] Assuming drive cache: write through
[    3.939706] sd 2:0:1:0: [sdb] Attached SCSI disk
[    3.944438]  sda: sda1
[    3.948681] sd 2:0:0:0: [sda] Attached SCSI disk
Begin: Loading essential drivers ... [    6.168672] raid6: sse2x1   gen()  5062 MB/s
[    6.216486] raid6: sse2x1   xor()  3672 MB/s
[    6.264349] raid6: sse2x2   gen()  6247 MB/s
[    6.312360] raid6: sse2x2   xor()  4223 MB/s
[    6.360032] raid6: sse2x4   gen()  6842 MB/s
[    6.408789] raid6: sse2x4   xor()  4464 MB/s
[    6.456158] raid6: avx2x1   gen() 11923 MB/s
[    6.504448] raid6: avx2x1   xor()  7102 MB/s
[    6.552753] raid6: avx2x2   gen() 24781 MB/s
[    6.600130] raid6: avx2x2   xor() 15524 MB/s
[    6.648055] raid6: avx2x4   gen() 13934 MB/s
[    6.696049] raid6: avx2x4   xor()  9443 MB/s
[    6.698098] raid6: using algorithm avx2x2 gen() 24781 MB/s
[    6.700666] raid6: .... xor() 15524 MB/s, rmw enabled
[    6.703113] raid6: using avx2x2 recovery algorithm
[    6.708218] xor: automatically using best checksumming function   avx       
[    6.712956] async_tx: api initialized (async)
done.
Begin: Running /scripts/init-premount ... done.
Begin: Mounting root file system ... Begin: Running /scripts/local-top ... done.
Begin: Running /scripts/local-premount ... [    6.829184] Btrfs loaded, crc32c=crc32c-intel
Scanning for Btrfs filesystems
done.
Warning: fsck not present, so skipping root file system
[    6.906786] EXT4-fs (sda1): mounted filesystem with ordered data mode. Opts: (null)
done.
Begin: Running /scripts/local-bottom ... done.
Begin: Running /scripts/init-bottom ... done.
[    7.744323] ip_tables: (C) 2000-2006 Netfilter Core Team
[    7.759345] systemd[1]: systemd 237 running in system mode. (+PAM +AUDIT +SELINUX +IMA +APPARMOR +SMACK +SYSVINIT +UTMP +LIBCRYPTSETUP +GCRYPT +GNUTLS +ACL +XZ +LZ4 +SECCOMP +BLKID +ELFUTILS +KMOD -IDN2 +IDN -PCRE2 default-hierarchy=hybrid)
[    7.768936] systemd[1]: Detected virtualization oracle.
[    7.771426] systemd[1]: Detected architecture x86-64.

Welcome to [1mUbuntu 18.04.3 LTS[0m!

[    7.797971] systemd[1]: Set hostname to <ubuntu-bionic>.
[    9.212923] systemd[1]: Reached target Swap.
[[0;32m  OK  [0m] Reached target Swap.
[    9.234133] systemd[1]: Created slice User and Session Slice.
[[0;32m  OK  [0m] Created slice User and Session Slice.
[    9.242311] systemd[1]: Created slice System Slice.
[[0;32m  OK  [0m] Created slice System Slice.
[    9.248624] systemd[1]: Listening on udev Kernel Socket.
[[0;32m  OK  [0m] Listening on udev Kernel Socket.
[    9.399564] systemd[1]: Reached target Slices.
[[0;32m  OK  [0m] Reached target Slices.
[    9.406471] systemd[1]: Listening on Journal Audit Socket.
[[0;32m  OK  [0m] Listening on Journal Audit Socket.
[[0;32m  OK  [0m] Listening on Journal Socket (/dev/log).
[[0;32m  OK  [0m] Listening on /dev/initctl Compatibility Named Pipe.
[[0;32m  OK  [0m] Listening on LVM2 metadata daemon socket.
[[0;32m  OK  [0m] Listening on Syslog Socket.
[[0;32m  OK  [0m] Listening on LVM2 poll daemon socket.
[[0;32m  OK  [0m] Created slice system-serial\x2dgetty.slice.
[[0;32m  OK  [0m] Reached target User and Group Name Lookups.
[[0;32m  OK  [0m] Started Forward Password Requests to Wall Directory Watch.
[[0;32m  OK  [0m] Listening on Network Service Netlink Socket.
[[0;32m  OK  [0m] Listening on Device-mapper event daemon FIFOs.
[[0;32m  OK  [0m] Listening on Journal Socket.
         Starting Create list of required st…ce nodes for the current kernel...
         Starting Remount Root and Kernel File Systems...
         Mounting POSIX Message Queue File System...
         Starting Load Kernel Modules...
         Mounting Huge Pages File System...
         Starting Uncomplicated firewall...
         Starting Set the console keyboard layout...
[    9.533179] EXT4-fs (sda1): re-mounted. Opts: (null)
         Mounting Kernel Debug File System...
         Starting Journal Service...
[[0;32m  OK  [0m] Reached target System Time Synchronized.
         Starting Monitoring of LVM2 mirrors…ng dmeventd or progress polling...
[[0;32m  OK  [0m] Set up automount Arbitrary Executab…rmats File System Automount Point.
[    9.585647] Loading iSCSI transport class v2.0-870.
[[0;32m  OK  [0m] Listening on udev Control Socket.
         Starting udev Coldplug all Devices...
[[0;32m  OK  [0m] Started Create list of required sta…vice nodes for the current kernel.
[[0;32m  OK  [0m] Started Remount Root and Kernel File Systems.
[[0;32m  OK  [0m] Mounted POSIX Message Queue File System.
[[0;32m  OK  [0m] Mounted Huge Pages File System.
[[0;32m  OK  [0m] Started Uncomplicated firewall.
[[0;32m  OK  [0m] Mounted Kernel Debug File System.
         Starting Load/Save Random Seed...
[    9.682113] iscsi: registered transport (tcp)
         Starting Create Static Device Nodes in /dev...
[[0;32m  OK  [0m] Started LVM2 metadata daemon.
[[0;32m  OK  [0m] Started Load/Save Random Seed.
[[0;32m  OK  [0m] Started Journal Service.
         Starting Flush Journal to Persistent Storage...
[[0;32m  OK  [0m] Started Create Static Device Nodes in /dev.
         Starting udev Kernel Device Manager...
[[0;32m  OK  [0m] Started udev Coldplug all Devices.
[    9.882937] systemd-journald[433]: Received request to flush runtime journal from PID 1
[    9.888996] iscsi: registered transport (iser)
[[0;32m  OK  [0m] Started Load Kernel Modules.
[    9.899091] random: crng init done
[    9.901497] random: 7 urandom warning(s) missed due to ratelimiting
         Mounting Kernel Configuration File System...
         Mounting FUSE Control File System...
         Starting Apply Kernel Variables...
[[0;32m  OK  [0m] Started Monitoring of LVM2 mirrors,…sing dmeventd or progress polling.
[[0;32m  OK  [0m] Mounted Kernel Configuration File System.
[[0;32m  OK  [0m] Mounted FUSE Control File System.
[[0;32m  OK  [0m] Started udev Kernel Device Manager.
[[0;32m  OK  [0m] Started Apply Kernel Variables.
[[0;32m  OK  [0m] Started Set the console keyboard layout.
[[0;32m  OK  [0m] Started Dispatch Password Requests to Console Directory Watch.
[[0;32m  OK  [0m] Reached target Local Encrypted Volumes.
[[0;32m  OK  [0m] Reached target Local File Systems (Pre).
[[0;32m  OK  [0m] Reached target Local File Systems.
         Starting AppArmor initialization...
         Starting ebtables ruleset management...
         Starting Tell Plymouth To Write Out Runtime Data...
         Starting Set console font and keymap...
[[0;32m  OK  [0m] Started Tell Plymouth To Write Out Runtime Data.
[[0;32m  OK  [0m] Started Set console font and keymap.
[[0;32m  OK  [0m] Started Flush Journal to Persistent Storage.
         Starting Create Volatile Files and Directories...
[[0;32m  OK  [0m] Started Create Volatile Files and Directories.
         Starting Update UTMP about System Boot/Shutdown...
[[0;32m  OK  [0m] Started Update UTMP about System Boot/Shutdown.
[[0;32m  OK  [0m] Started ebtables ruleset management.
[[0;32m  OK  [0m] Found device /dev/ttyS0.
[[0;32m  OK  [0m] Listening on Load/Save RF Kill Switch Status /dev/rfkill Watch.
[[0;32m  OK  [0m] Started AppArmor initialization.
         Starting Initial cloud-init job (pre-networking)...
[   13.435437] cloud-init[565]: Cloud-init v. 19.2-36-g059d049c-0ubuntu1~18.04.1 running 'init-local' at Tue, 07 Jan 2020 22:52:19 +0000. Up 12.89 seconds.
[[0;32m  OK  [0m] Started Initial cloud-init job (pre-networking).
[[0;32m  OK  [0m] Reached target Network (Pre).
         Starting Network Service...
[[0;32m  OK  [0m] Started Network Service.
         Starting Network Name Resolution...
         Starting Wait for Network to be Configured...
[[0;32m  OK  [0m] Started Network Name Resolution.
[[0;32m  OK  [0m] Reached target Network.
[[0;32m  OK  [0m] Reached target Host and Network Name Lookups.
[[0;32m  OK  [0m] Started Wait for Network to be Configured.
         Starting Initial cloud-init job (metadata service crawler)...
[   16.922951] cloud-init[699]: Cloud-init v. 19.2-36-g059d049c-0ubuntu1~18.04.1 running 'init' at Tue, 07 Jan 2020 22:52:23 +0000. Up 16.51 seconds.
[   16.925655] cloud-init[699]: ci-info: ++++++++++++++++++++++++++++++++++++++Net device info++++++++++++++++++++++++++++++++++++++
[   16.936943] cloud-init[699]: ci-info: +--------+------+----------------------------+---------------+--------+-------------------+
[   16.939182] cloud-init[699]: ci-info: | Device |  Up  |          Address           |      Mask     | Scope  |     Hw-Address    |
[   16.941625] cloud-init[699]: ci-info: +--------+------+----------------------------+---------------+--------+-------------------+
[   16.952479] cloud-init[699]: ci-info: | enp0s3 | True |         10.0.2.15          | 255.255.255.0 | global | 02:82:7a:7b:51:94 |
[   16.954868] cloud-init[699]: ci-info: | enp0s3 | True | fe80::82:7aff:fe7b:5194/64 |       .       |  link  | 02:82:7a:7b:51:94 |
[   16.957520] cloud-init[699]: ci-info: |   lo   | True |         127.0.0.1          |   255.0.0.0   |  host  |         .         |
[   16.968342] cloud-init[699]: ci-info: |   lo   | True |          ::1/128           |       .       |  host  |         .         |
[   16.980965] cloud-init[699]: ci-info: +--------+------+----------------------------+---------------+--------+-------------------+
[   16.985224] cloud-init[699]: ci-info: ++++++++++++++++++++++++++++Route IPv4 info+++++++++++++++++++++++++++++
[   17.001006] cloud-init[699]: ci-info: +-------+-------------+----------+-----------------+-----------+-------+
[   17.004520] cloud-init[699]: ci-info: | Route | Destination | Gateway  |     Genmask     | Interface | Flags |
[   17.007980] cloud-init[699]: ci-info: +-------+-------------+----------+-----------------+-----------+-------+
[   17.012160] cloud-init[699]: ci-info: |   0   |   0.0.0.0   | 10.0.2.2 |     0.0.0.0     |   enp0s3  |   UG  |
[   17.016555] cloud-init[699]: ci-info: |   1   |   10.0.2.0  | 0.0.0.0  |  255.255.255.0  |   enp0s3  |   U   |
[   17.019872] cloud-init[699]: ci-info: |   2   |   10.0.2.2  | 0.0.0.0  | 255.255.255.255 |   enp0s3  |   UH  |
[   17.032701] cloud-init[699]: ci-info: +-------+-------------+----------+-----------------+-----------+-------+
[   17.037251] cloud-init[699]: ci-info: +++++++++++++++++++Route IPv6 info+++++++++++++++++++
[   17.041891] cloud-init[699]: ci-info: +-------+-------------+---------+-----------+-------+
[   17.045484] cloud-init[699]: ci-info: | Route | Destination | Gateway | Interface | Flags |
[   17.049208] cloud-init[699]: ci-info: +-------+-------------+---------+-----------+-------+
[   17.060648] cloud-init[699]: ci-info: |   1   |  fe80::/64  |    ::   |   enp0s3  |   U   |
[   17.063723] cloud-init[699]: ci-info: |   3   |    local    |    ::   |   enp0s3  |   U   |
[   17.076579] cloud-init[699]: ci-info: |   4   |   ff00::/8  |    ::   |   enp0s3  |   U   |
[   17.077744] cloud-init[699]: ci-info: +-------+-------------+---------+-----------+-------+
[[0;32m  OK  [0m] Started Initial cloud-init job (metadata service crawler).
[[0;32m  OK  [0m] Reached target System Initialization.
[[0;32m  OK  [0m] Started Daily Cleanup of Temporary Directories.
[[0;32m  OK  [0m] Listening on ACPID Listen Socket.
[[0;32m  OK  [0m] Started Message of the Day.
         Starting Docker Socket for the API.
         Starting Socket activation for snappy daemon.
         Starting LXD - unix socket.
[[0;32m  OK  [0m] Started Daily apt download activities.
[[0;32m  OK  [0m] Started Discard unused blocks once a week.
[[0;32m  OK  [0m] Listening on D-Bus System Message Bus Socket.
[[0;32m  OK  [0m] Started Daily apt upgrade and clean activities.
[[0;32m  OK  [0m] Reached target Timers.
[[0;32m  OK  [0m] Started ACPI Events Check.
[[0;32m  OK  [0m] Reached target Paths.
[[0;32m  OK  [0m] Listening on UUID daemon activation socket.
[[0;32m  OK  [0m] Listening on Open-iSCSI iscsid Socket.
[[0;32m  OK  [0m] Reached target Network is Online.
[[0;32m  OK  [0m] Reached target Remote File Systems (Pre).
[[0;32m  OK  [0m] Reached target Remote File Systems.
         Starting Availability of block devices...
[[0;32m  OK  [0m] Reached target Cloud-config availability.
[[0;32m  OK  [0m] Listening on Docker Socket for the API.
[[0;32m  OK  [0m] Listening on Socket activation for snappy daemon.
[[0;32m  OK  [0m] Listening on LXD - unix socket.
[[0;32m  OK  [0m] Started Availability of block devices.
[[0;32m  OK  [0m] Reached target Sockets.
[[0;32m  OK  [0m] Reached target Basic System.
         Starting OpenBSD Secure Shell server...
         Starting Virtualbox guest utils...
         Starting Accounts Service...
         Starting LXD - container startup/shutdown...
         Starting containerd container runtime...
         Starting System Logging Service...
         Starting Snappy daemon...
[[0;32m  OK  [0m] Started irqbalance daemon.
[[0;32m  OK  [0m] Started FUSE filesystem for LXC.
         Starting Message of the Day...
         Starting Discard unused blocks...
         Starting Permit User Sessions...
         Starting LSB: automatic crash report generation...
         Starting Dispatcher daemon for systemd-networkd...
         Starting LSB: Record successful boot for GRUB...
[[0;32m  OK  [0m] Started D-Bus System Message Bus.
         Starting Login Service...
[[0;32m  OK  [0m] Started Deferred execution scheduler.
[[0;32m  OK  [0m] Started Regular background program processing daemon.
[[0;32m  OK  [0m] Started System Logging Service.
[[0;32m  OK  [0m] Started LXD - container startup/shutdown.
[[0;32m  OK  [0m] Started containerd container runtime.
[[0;32m  OK  [0m] Started Discard unused blocks.
[[0;32m  OK  [0m] Started Permit User Sessions.
[[0;32m  OK  [0m] Started OpenBSD Secure Shell server.
         Starting Terminate Plymouth Boot Screen...
         Starting Hold until boot process finishes up...
         Starting Docker Application Container Engine...
[[0;32m  OK  [0m] Started Terminate Plymouth Boot Screen.
[[0;32m  OK  [0m] Started Hold until boot process finishes up.
[[0;32m  OK  [0m] Started Serial Getty on ttyS0.
         Starting Set console scheme...
         Starting Authorization Manager...
[[0;32m  OK  [0m] Started Login Service.
[[0;32m  OK  [0m] Started Unattended Upgrades Shutdown.
[[0;32m  OK  [0m] Started Set console scheme.
[[0;32m  OK  [0m] Created slice system-getty.slice.
[[0;32m  OK  [0m] Started Getty on tty1.
[[0;32m  OK  [0m] Reached target Login Prompts.
[[0;32m  OK  [0m] Started LSB: automatic crash report generation.
[[0;32m  OK  [0m] Started Authorization Manager.
[[0;32m  OK  [0m] Started Accounts Service.
[[0;32m  OK  [0m] Started LSB: Record successful boot for GRUB.
[[0;32m  OK  [0m] Created slice User Slice of vagrant.
[[0;32m  OK  [0m] Started Virtualbox guest utils.
[[0;32m  OK  [0m] Started Session 1 of user vagrant.
         Starting User Manager for UID 1000...
[[0;32m  OK  [0m] Started Dispatcher daemon for systemd-networkd.
[[0;32m  OK  [0m] Started Snappy daemon.
         Starting Wait until snapd is fully seeded...
[[0;32m  OK  [0m] Started Wait until snapd is fully seeded.
         Starting Apply the settings specified in cloud-config...
[[0;32m  OK  [0m] Started User Manager for UID 1000.
[[0;32m  OK  [0m] Started Message of the Day.
[   22.368494] cloud-init[1177]: Cloud-init v. 19.2-36-g059d049c-0ubuntu1~18.04.1 running 'modules:config' at Tue, 07 Jan 2020 22:52:28 +0000. Up 21.98 seconds.
[[0;32m  OK  [0m] Started Apply the settings specified in cloud-config.

Ubuntu 18.04.3 LTS ubuntu-bionic ttyS0

ubuntu-bionic login: [   25.485974] cloud-init[1593]: Cloud-init v. 19.2-36-g059d049c-0ubuntu1~18.04.1 running 'modules:final' at Tue, 07 Jan 2020 22:52:32 +0000. Up 25.32 seconds.
[   25.486799] cloud-init[1593]: Cloud-init v. 19.2-36-g059d049c-0ubuntu1~18.04.1 finished at Tue, 07 Jan 2020 22:52:32 +0000. Datasource DataSourceNoCloud [seed=/dev/sdb][dsmode=net].  Up 25.47 seconds
[[0;32m  OK  [0m] Stopped target Host and Network Name Lookups.
[[0;32m  OK  [0m] Stopped target Graphical Interface.
[[0;32m  OK  [0m] Stopped target Timers.
[[0;32m  OK  [0m] Stopped Daily apt upgrade and clean activities.
[[0;32m  OK  [0m] Stopped Discard unused blocks once a week.
         Stopping Availability of block devices...
         Stopping User Manager for UID 1000...
[[0;32m  OK  [0m] Stopped Message of the Day.
[[0;32m  OK  [0m] Stopped Daily apt download activities.
[[0;32m  OK  [0m] Stopped target System Time Synchronized.
[[0;32m  OK  [0m] Stopped target Cloud-init target.
         Stopping Accounts Service...
[[0;32m  OK  [0m] Closed Load/Save RF Kill Switch Status /dev/rfkill Watch.
         Stopping Authorization Manager...
[[0;32m  OK  [0m] Stopped Daily Cleanup of Temporary Directories.
[[0;32m  OK  [0m] Stopped Execute cloud user/final scripts.
[[0;32m  OK  [0m] Stopped target Multi-User System.
         Stopping Deferred execution scheduler...
         Stopping Dispatcher daemon for systemd-networkd...
[[0;32m  OK  [0m] Stopped target Login Prompts.
         Stopping Getty on tty1...
         Stopping Serial Getty on ttyS0...
         Stopping D-Bus System Message Bus...
         Stopping OpenBSD Secure Shell server...
         Stopping Virtualbox guest utils...
         Stopping System Logging Service...
         Stopping LSB: automatic crash report generation...
         Stopping Unattended Upgrades Shutdown...
         Stopping FUSE filesystem for LXC...
         Stopping LXD - container startup/shutdown...
         Stopping LSB: Record successful boot for GRUB...
         Stopping irqbalance daemon...
[[0;32m  OK  [0m] Stopped Apply the settings specified in cloud-config.
[[0;32m  OK  [0m] Stopped target Cloud-config availability.
[[0;32m  OK  [0m] Stopped Wait until snapd is fully seeded.
         Stopping Regular background program processing daemon...
         Stopping Session 12 of user vagrant.
         Stopping Docker Application Container Engine...
[[0;32m  OK  [0m] Unmounted /var/lib/lxcfs.
[[0;32m  OK  [0m] Stopped Accounts Service.
[[0;32m  OK  [0m] Stopped System Logging Service.
[[0;32m  OK  [0m] Stopped irqbalance daemon.
[[0;32m  OK  [0m] Stopped Dispatcher daemon for systemd-networkd.
[[0;32m  OK  [0m] Stopped Deferred execution scheduler.
[[0;32m  OK  [0m] Stopped Regular background program processing daemon.
[[0;32m  OK  [0m] Stopped OpenBSD Secure Shell server.
[[0;32m  OK  [0m] Stopped Docker Application Container Engine.
[[0;32m  OK  [0m] Stopped Serial Getty on ttyS0.
[[0;32m  OK  [0m] Stopped Authorization Manager.
[[0;32m  OK  [0m] Stopped Unattended Upgrades Shutdown.
[[0;32m  OK  [0m] Stopped Getty on tty1.
[[0;32m  OK  [0m] Stopped User Manager for UID 1000.
[[0;32m  OK  [0m] Stopped Availability of block devices.
[[0;32m  OK  [0m] Stopped D-Bus System Message Bus.
[[0;32m  OK  [0m] Stopped FUSE filesystem for LXC.
[[0;32m  OK  [0m] Stopped Session 12 of user vagrant.
[[0;32m  OK  [0m] Removed slice User Slice of vagrant.
[[0;32m  OK  [0m] Removed slice system-getty.slice.
         Stopping Login Service...
[[0;32m  OK  [0m] Removed slice system-serial\x2dgetty.slice.
         Stopping Permit User Sessions...
[[0;32m  OK  [0m] Stopped target Network is Online.
         Stopping containerd container runtime...
[[0;32m  OK  [0m] Stopped containerd container runtime.
[[0;32m  OK  [0m] Stopped LSB: automatic crash report generation.
[[0;32m  OK  [0m] Stopped LXD - container startup/shutdown.
[[0;32m  OK  [0m] Stopped LSB: Record successful boot for GRUB.
[[0;32m  OK  [0m] Stopped Permit User Sessions.
[[0;32m  OK  [0m] Stopped Virtualbox guest utils.
[[0;32m  OK  [0m] Stopped target Remote File Systems.
[[0;32m  OK  [0m] Stopped target Remote File Systems (Pre).
[[0;32m  OK  [0m] Stopped target Network.
         Stopping Network Name Resolution...
[[0;32m  OK  [0m] Stopped Network Name Resolution.
[[0;32m  OK  [0m] Stopped Login Service.
[[0;32m  OK  [0m] Stopped target Basic System.
[[0;32m  OK  [0m] Stopped target Paths.
[[0;32m  OK  [0m] Stopped ACPI Events Check.
[[0;32m  OK  [0m] Stopped target Slices.
[[0;32m  OK  [0m] Removed slice User and Session Slice.
[[0;32m  OK  [0m] Stopped target Sockets.
[[0;32m  OK  [0m] Closed LXD - unix socket.
[[0;32m  OK  [0m] Closed Docker Socket for the API.
[[0;32m  OK  [0m] Closed UUID daemon activation socket.
[[0;32m  OK  [0m] Closed ACPID Listen Socket.
[[0;32m  OK  [0m] Closed Open-iSCSI iscsid Socket.
[[0;32m  OK  [0m] Closed Socket activation for snappy daemon.
[[0;32m  OK  [0m] Closed Syslog Socket.
[[0;32m  OK  [0m] Closed D-Bus System Message Bus Socket.
[[0;32m  OK  [0m] Stopped target User and Group Name Lookups.
[[0;32m  OK  [0m] Stopped target System Initialization.
         Stopping Load/Save Random Seed...
         Stopping Update UTMP about System Boot/Shutdown...
[[0;32m  OK  [0m] Stopped Initial cloud-init job (metadata service crawler).
[[0;32m  OK  [0m] Stopped Wait for Network to be Configured.
         Stopping Network Service...
[[0;32m  OK  [0m] Stopped target Local Encrypted Volumes.
[[0;32m  OK  [0m] Stopped Forward Password Requests to Wall Directory Watch.
[[0;32m  OK  [0m] Stopped Dispatch Password Requests to Console Directory Watch.
[[0;32m  OK  [0m] Stopped Load/Save Random Seed.
[[0;32m  OK  [0m] Stopped Update UTMP about System Boot/Shutdown.
[[0;32m  OK  [0m] Stopped Network Service.
[[0;32m  OK  [0m] Stopped target Network (Pre).
[[0;32m  OK  [0m] Stopped Initial cloud-init job (pre-networking).
[[0;32m  OK  [0m] Stopped Apply Kernel Variables.
[[0;32m  OK  [0m] Stopped Load Kernel Modules.
[[0;32m  OK  [0m] Stopped Create Volatile Files and Directories.
[[0;32m  OK  [0m] Stopped target Local File Systems.
         Unmounting /run/user/1000...
         Unmounting /vagrant...
[[0;32m  OK  [0m] Unmounted /run/user/1000.
[[0;32m  OK  [0m] Unmounted /vagrant.
[[0;32m  OK  [0m] Reached target Unmount All Filesystems.
[[0;32m  OK  [0m] Stopped target Swap.
[[0;32m  OK  [0m] Stopped target Local File Systems (Pre).
[[0;32m  OK  [0m] Stopped Remount Root and Kernel File Systems.
         Stopping Monitoring of LVM2 mirrors…ng dmeventd or progress polling...
[[0;32m  OK  [0m] Stopped Create Static Device Nodes in /dev.
[[0;32m  OK  [0m] Reached target Shutdown.
[[0;32m  OK  [0m] Reached target Final Step.
         Starting Power-Off...
[[0;32m  OK  [0m] Stopped Monitoring of LVM2 mirrors,…sing dmeventd or progress polling.
         Stopping LVM2 metadata daemon...
[[0;32m  OK  [0m] Stopped LVM2 metadata daemon.
[10758.908572] reboot: Power down
